<?xml version="1.0" encoding="UTF-8"?>
<!-- Generated by org.testng.reporters.JUnitReportReporter -->
<testsuite hostname="DESKTOP-SQ1HPPK" failures="0" tests="4" name="com.testng.examples.TestNGSeleniumDemo" time="0.065" errors="0" timestamp="2022-12-16T10:07:18 IST" skipped="3">
  <testcase classname="com.testng.examples.TestNGSeleniumDemo" name="verifySignup" time="0.065"/>
  <system-out/>
  <testcase classname="com.testng.examples.TestNGSeleniumDemo" name="verifyFooterSection">
    <skipped/>
  </testcase> <!-- verifyFooterSection -->
  <system-out/>
  <testcase classname="com.testng.examples.TestNGSeleniumDemo" name="verifyLoginPage">
    <skipped/>
  </testcase> <!-- verifyLoginPage -->
  <system-out/>
  <testcase classname="com.testng.examples.TestNGSeleniumDemo" name="verifyHomePage">
    <skipped/>
  </testcase> <!-- verifyHomePage -->
  <system-out/>
</testsuite> <!-- com.testng.examples.TestNGSeleniumDemo -->
