<?xml version="1.0" encoding="UTF-8"?>
<!-- Generated by org.testng.reporters.JUnitReportReporter -->
<testsuite hostname="DESKTOP-SQ1HPPK" failures="0" tests="1" name="com.io.ReadData" time="120.934" errors="0" timestamp="2023-01-10T21:36:30 IST" skipped="0">
  <testcase classname="com.io.ReadData" name="launchAppFromPropsFile" time="120.934"/>
  <system-out/>
</testsuite> <!-- com.io.ReadData -->
