<?xml version="1.0" encoding="UTF-8"?>
<!-- Generated by org.testng.reporters.JUnitReportReporter -->
<testsuite hostname="DESKTOP-SQ1HPPK" failures="0" tests="2" name="com.testng.examples.AllAnnotationsDemo" time="0.016" errors="0" timestamp="2023-02-11T18:14:37 IST" skipped="0">
  <testcase classname="com.testng.examples.AllAnnotationsDemo" name="samplTestCase2" time="0.005"/>
  <system-out/>
  <testcase classname="com.testng.examples.AllAnnotationsDemo" name="samplTestCase1" time="0.011"/>
  <system-out/>
</testsuite> <!-- com.testng.examples.AllAnnotationsDemo -->
