<?xml version="1.0" encoding="UTF-8"?>
<!-- Generated by org.testng.reporters.JUnitReportReporter -->
<testsuite hostname="DESKTOP-SQ1HPPK" failures="0" tests="1" name="com.c.testng.demos.WindowHandlingDemo" time="21.341" errors="0" timestamp="2022-12-28T10:12:03 IST" skipped="0">
  <testcase classname="com.c.testng.demos.WindowHandlingDemo" name="verifyWIndowHandling" time="21.341"/>
  <system-out/>
</testsuite> <!-- com.c.testng.demos.WindowHandlingDemo -->
