<?xml version="1.0" encoding="UTF-8"?>
<!-- Generated by org.testng.reporters.JUnitReportReporter -->
<testsuite hostname="DESKTOP-SQ1HPPK" failures="0" tests="1" name="com.p.Selenium.AlertHandlingDemo" time="29.550" errors="0" timestamp="2023-02-14T09:37:20 IST" skipped="0">
  <testcase classname="com.p.Selenium.AlertHandlingDemo" name="verifyAlert" time="29.550"/>
  <system-out/>
</testsuite> <!-- com.p.Selenium.AlertHandlingDemo -->
