<?xml version="1.0" encoding="UTF-8"?>
<!-- Generated by org.testng.reporters.JUnitReportReporter -->
<testsuite hostname="DESKTOP-SQ1HPPK" failures="0" tests="1" name="com.testng.examples.TestNgDemoWindows" time="18.757" errors="0" timestamp="2023-01-10T21:19:51 IST" skipped="0">
  <testcase classname="com.testng.examples.TestNgDemoWindows" name="verifyTitle" time="18.757"/>
  <system-out/>
</testsuite> <!-- com.testng.examples.TestNgDemoWindows -->
