<?xml version="1.0" encoding="UTF-8"?>
<!-- Generated by org.testng.reporters.JUnitReportReporter -->
<testsuite hostname="DESKTOP-SQ1HPPK" failures="0" tests="2" name="com.testng.examples.TestNGDemo2" time="0.004" errors="0" timestamp="2022-12-08T10:52:08 IST" skipped="0">
  <testcase classname="com.testng.examples.TestNGDemo2" name="testCase3" time="0.002"/>
  <system-out/>
  <testcase classname="com.testng.examples.TestNGDemo2" name="testCase4" time="0.002"/>
  <system-out/>
</testsuite> <!-- com.testng.examples.TestNGDemo2 -->
