<?xml version="1.0" encoding="UTF-8"?>
<!-- Generated by org.testng.reporters.JUnitReportReporter -->
<testsuite hostname="DESKTOP-SQ1HPPK" failures="0" tests="2" name="com.c.testng.demos.CrossBrowserTestingDemo" time="20.936" errors="0" timestamp="2023-01-05T21:14:23 IST" skipped="0">
  <testcase classname="com.c.testng.demos.CrossBrowserTestingDemo" name="launchFacebbok" time="8.593"/>
  <system-out/>
  <testcase classname="com.c.testng.demos.CrossBrowserTestingDemo" name="launchSpeakEnglish" time="12.343"/>
  <system-out/>
</testsuite> <!-- com.c.testng.demos.CrossBrowserTestingDemo -->
