<?xml version="1.0" encoding="UTF-8"?>
<!-- Generated by org.testng.reporters.JUnitReportReporter -->
<testsuite hostname="DESKTOP-SQ1HPPK" failures="0" tests="4" name="com.testng.examples.TestNGDemo" time="0.024" errors="0" timestamp="2022-12-12T10:02:42 IST" skipped="0">
  <testcase classname="com.testng.examples.TestNGDemo" name="verifyFooterSection" time="0.019"/>
  <system-out/>
  <testcase classname="com.testng.examples.TestNGDemo" name="verifyHomePage" time="0.001"/>
  <system-out/>
  <testcase classname="com.testng.examples.TestNGDemo" name="verifyLoginPage" time="0.002"/>
  <system-out/>
  <testcase classname="com.testng.examples.TestNGDemo" name="verifySignup" time="0.002"/>
  <system-out/>
</testsuite> <!-- com.testng.examples.TestNGDemo -->
