<?xml version="1.0" encoding="UTF-8"?>
<!-- Generated by org.testng.reporters.JUnitReportReporter -->
<testsuite hostname="DESKTOP-SQ1HPPK" failures="0" tests="2" name="com.c.testng.demos.SeleniumListCollectionDemo" time="26.033" errors="0" timestamp="2022-12-27T21:21:35 IST" skipped="0">
  <testcase classname="com.c.testng.demos.SeleniumListCollectionDemo" name="loadAppEdge" time="13.317"/>
  <system-out/>
  <testcase classname="com.c.testng.demos.SeleniumListCollectionDemo" name="loadAppChrome" time="12.716"/>
  <system-out/>
</testsuite> <!-- com.c.testng.demos.SeleniumListCollectionDemo -->
